<?xml version="1.0" encoding="UTF-8"?>
<testsuite name="demoblaze.runners.SignupRunner" tests="0" skipped="0" failures="0" errors="0" timestamp="1970-01-01T00:00:00" hostname="PSOFKA01198" time="0.0">
  <properties/>
  <system-out><![CDATA[13:41:10.362 [Test worker] DEBUG io.cucumber.core.plugin.SerenityReporter -- Running feature from file:///C:/Users/julio.betancur/Documents/Proyectos_Prueba/demoblazeapi/src/test/resources/features/signup.feature
13:41:10.479 [Test worker] INFO  -- 

-------------------------------------------------------------------------------------
     _______. _______ .______       _______ .__   __.  __  .___________.____    ____ 
    /       ||   ____||   _  \     |   ____||  \ |  | |  | |           |\   \  /   / 
   |   (----`|  |__   |  |_)  |    |  |__   |   \|  | |  | `---|  |----` \   \/   /  
    \   \    |   __|  |      /     |   __|  |  . `  | |  |     |  |       \_    _/   
.----)   |   |  |____ |  |\  \----.|  |____ |  |\   | |  |     |  |         |  |     
|_______/    |_______|| _| `._____||_______||__| \__| |__|     |__|         |__|    
                                                                                     
 News and tutorials at https://serenity-bdd.info                                     
 Documentation at https://serenity-bdd.github.io                                     
 Test Automation Training and Coaching: https://www.serenity-dojo.com                
 Commercial Support: https://www.serenity-dojo.com/serenity-bdd-enterprise-support   
 Join the Serenity Community on Gitter: https://gitter.im/serenity-bdd/serenity-core 
-------------------------------------------------------------------------------------

13:41:10.492 [Test worker] DEBUG net.thucydides.core.steps.StepEventBus -- Test suite started for story net.thucydides.model.domain.Story@46ae2300
13:41:10.499 [Test worker] INFO  -- Test Suite Started: Signup API Tests
13:41:10.703 [Test worker] DEBUG io.cucumber.core.plugin.SerenityReporter -- Running feature from file:///C:/Users/julio.betancur/Documents/Proyectos_Prueba/demoblazeapi/src/test/resources/features/signup.feature
13:41:10.738 [Test worker] DEBUG net.thucydides.core.steps.StepEventBus -- Test suite started for story net.thucydides.model.domain.Story@46ae2300
13:41:10.747 [Test worker] INFO  -- Test Suite Started: Signup API Tests
13:41:22.376 [Test worker] DEBUG net.thucydides.model.reports.ReportService -- Reporting formats: [JSON]
13:41:22.383 [Test worker] DEBUG net.thucydides.model.reports.ReportService -- Reporting formats: [JSON]
13:41:22.401 [Test worker] DEBUG net.thucydides.model.reports.ReportService -- Generating reports for 2 test outcomes using: net.thucydides.model.reports.json.JSONTestOutcomeReporter@16732340
13:41:22.404 [pool-1-thread-2] DEBUG net.thucydides.model.reports.ReportService -- Processing test outcome Signup API Tests:Attempt to create an existing user
13:41:22.404 [pool-1-thread-1] DEBUG net.thucydides.model.reports.ReportService -- Processing test outcome Signup API Tests:Create a new user in signup
13:41:22.405 [pool-1-thread-2] DEBUG net.thucydides.model.reports.ReportService -- net.thucydides.model.reports.json.JSONTestOutcomeReporter@16732340: Generating report for test outcome: Signup API Tests:Attempt to create an existing user
13:41:22.405 [pool-1-thread-1] DEBUG net.thucydides.model.reports.ReportService -- net.thucydides.model.reports.json.JSONTestOutcomeReporter@16732340: Generating report for test outcome: Signup API Tests:Create a new user in signup
13:41:22.417 [pool-1-thread-1] DEBUG net.thucydides.model.reports.json.JSONTestOutcomeReporter -- Generating JSON report for Create a new user in signup to file C:\Users\julio.betancur\Documents\Proyectos_Prueba\demoblazeapi\target\site\serenity\9e49d7f929bcb9c9abf00db100e997bafbd2802e26b6f115c2168b0509935b84.json)
13:41:22.417 [pool-1-thread-2] DEBUG net.thucydides.model.reports.json.JSONTestOutcomeReporter -- Generating JSON report for Attempt to create an existing user to file C:\Users\julio.betancur\Documents\Proyectos_Prueba\demoblazeapi\target\site\serenity\4de5333a2ffd7344f8d19fe92b5ba0a496eda3ad34a212fcf7b81ec1810c315f.json)
13:41:22.480 [pool-1-thread-1] DEBUG net.thucydides.model.reports.ReportService -- Processing test outcome Signup API Tests:Create a new user in signup done
13:41:22.481 [pool-1-thread-2] DEBUG net.thucydides.model.reports.ReportService -- Processing test outcome Signup API Tests:Attempt to create an existing user done
13:41:22.482 [Test worker] DEBUG net.thucydides.model.reports.ReportService -- Shutting down executor service
13:41:22.485 [Test worker] DEBUG net.thucydides.model.reports.ReportService -- Reports generated in: 81 ms
]]></system-out>
  <system-err><![CDATA[]]></system-err>
</testsuite>
